<?xml version="1.0" encoding="UTF-8"?>
<!-- Generated by org.testng.reporters.JUnitReportReporter -->
<testsuite skipped="0" hostname="DESKTOP-LMPHPOA" name="com.Ma1.CreateMa1Test.CreateTest" tests="1" failures="0" timestamp="22 Apr 2018 11:40:59 GMT" time="0.015" errors="0">
  <testcase name="cct" time="0.015" classname="com.Ma1.CreateMa1Test.CreateTest"/>
</testsuite> <!-- com.Ma1.CreateMa1Test.CreateTest -->
